<?xml version="1.0" encoding="UTF-8"?>
<robot generator="Robot 3.2.2 (Python 3.9.1 on win32)" generated="20211022 10:17:40.115" rpa="false">
<suite id="s1" name="Full Regresssion in Parallel" source="F:\Anandhi\workspace\robotframework\RFWSamplesB1\parallelTests">
<suite id="s1-s1" name="FirstSample" source="F:\Anandhi\workspace\robotframework\RFWSamplesB1\parallelTests\FirstSample.robot">
<test id="s1-s1-t1" name="Valid LoginTest">
<kw name="Open Browser" library="SeleniumLibrary">
<doc>Opens a new browser instance to the optional ``url``.</doc>
<arguments>
<arg>${URL}</arg>
<arg>${BROWSER}</arg>
</arguments>
<msg timestamp="20211022 10:17:40.361" level="INFO">Opening browser 'chrome' to base url 'https://the-internet.herokuapp.com/login'.</msg>
<status status="PASS" starttime="20211022 10:17:40.360" endtime="20211022 10:17:48.314"></status>
</kw>
<kw name="Maximize Browser Window" library="SeleniumLibrary">
<doc>Maximizes current browser window.</doc>
<status status="PASS" starttime="20211022 10:17:48.314" endtime="20211022 10:17:48.538"></status>
</kw>
<kw name="Input Text" library="SeleniumLibrary">
<doc>Types the given ``text`` into the text field identified by ``locator``.</doc>
<arguments>
<arg>css:#username</arg>
<arg>tomsmith</arg>
</arguments>
<msg timestamp="20211022 10:17:48.545" level="INFO">Typing text 'tomsmith' into text field 'css:#username'.</msg>
<status status="PASS" starttime="20211022 10:17:48.540" endtime="20211022 10:17:48.790"></status>
</kw>
<kw name="Input Text" library="SeleniumLibrary">
<doc>Types the given ``text`` into the text field identified by ``locator``.</doc>
<arguments>
<arg>css:input[name=password]</arg>
<arg>SuperSecretPassword!</arg>
</arguments>
<msg timestamp="20211022 10:17:48.791" level="INFO">Typing text 'SuperSecretPassword!' into text field 'css:input[name=password]'.</msg>
<status status="PASS" starttime="20211022 10:17:48.790" endtime="20211022 10:17:48.904"></status>
</kw>
<kw name="Click Button" library="SeleniumLibrary">
<doc>Clicks the button identified by ``locator``.</doc>
<arguments>
<arg>class:radius</arg>
</arguments>
<msg timestamp="20211022 10:17:48.907" level="INFO">Clicking button 'class:radius'.</msg>
<status status="PASS" starttime="20211022 10:17:48.905" endtime="20211022 10:17:49.635"></status>
</kw>
<kw name="Element Should Be Visible" library="SeleniumLibrary">
<doc>Verifies that the element identified by ``locator`` is visible.</doc>
<arguments>
<arg>css:.flash.success</arg>
</arguments>
<msg timestamp="20211022 10:17:49.670" level="INFO">Element 'css:.flash.success' is displayed.</msg>
<status status="PASS" starttime="20211022 10:17:49.636" endtime="20211022 10:17:49.670"></status>
</kw>
<kw name="Get Text" library="SeleniumLibrary">
<doc>Returns the text value of the element identified by ``locator``.</doc>
<arguments>
<arg>css:.flash.success</arg>
</arguments>
<assign>
<var>${succesMsg}</var>
</assign>
<msg timestamp="20211022 10:17:49.700" level="INFO">${succesMsg} = You logged into a secure area!
×</msg>
<status status="PASS" starttime="20211022 10:17:49.672" endtime="20211022 10:17:49.700"></status>
</kw>
<kw name="Log To Console" library="BuiltIn">
<doc>Logs the given message to the console.</doc>
<arguments>
<arg>${succesMsg}</arg>
</arguments>
<status status="PASS" starttime="20211022 10:17:49.700" endtime="20211022 10:17:49.702"></status>
</kw>
<kw name="Close Browser" library="SeleniumLibrary">
<doc>Closes the current browser.</doc>
<status status="PASS" starttime="20211022 10:17:49.702" endtime="20211022 10:17:52.103"></status>
</kw>
<status status="PASS" starttime="20211022 10:17:40.359" endtime="20211022 10:17:52.104" critical="yes"></status>
</test>
<test id="s1-s1-t2" name="Invalid Username LoginTest">
<kw name="Open Browser" library="SeleniumLibrary">
<doc>Opens a new browser instance to the optional ``url``.</doc>
<arguments>
<arg>${URL}</arg>
<arg>${BROWSER}</arg>
</arguments>
<msg timestamp="20211022 10:17:52.106" level="INFO">Opening browser 'chrome' to base url 'https://the-internet.herokuapp.com/login'.</msg>
<status status="PASS" starttime="20211022 10:17:52.105" endtime="20211022 10:17:58.623"></status>
</kw>
<kw name="Maximize Browser Window" library="SeleniumLibrary">
<doc>Maximizes current browser window.</doc>
<status status="PASS" starttime="20211022 10:17:58.623" endtime="20211022 10:17:58.788"></status>
</kw>
<kw name="Input Text" library="SeleniumLibrary">
<doc>Types the given ``text`` into the text field identified by ``locator``.</doc>
<arguments>
<arg>css:#username</arg>
<arg>toms</arg>
</arguments>
<msg timestamp="20211022 10:17:58.800" level="INFO">Typing text 'toms' into text field 'css:#username'.</msg>
<status status="PASS" starttime="20211022 10:17:58.790" endtime="20211022 10:17:59.047"></status>
</kw>
<kw name="Input Text" library="SeleniumLibrary">
<doc>Types the given ``text`` into the text field identified by ``locator``.</doc>
<arguments>
<arg>css:input[name=password]</arg>
<arg>SuperSecretPassword!</arg>
</arguments>
<msg timestamp="20211022 10:17:59.049" level="INFO">Typing text 'SuperSecretPassword!' into text field 'css:input[name=password]'.</msg>
<status status="PASS" starttime="20211022 10:17:59.047" endtime="20211022 10:17:59.263"></status>
</kw>
<kw name="Click Button" library="SeleniumLibrary">
<doc>Clicks the button identified by ``locator``.</doc>
<arguments>
<arg>css:.radius</arg>
</arguments>
<msg timestamp="20211022 10:17:59.264" level="INFO">Clicking button 'css:.radius'.</msg>
<status status="PASS" starttime="20211022 10:17:59.264" endtime="20211022 10:17:59.986"></status>
</kw>
<kw name="Element Should Contain" library="SeleniumLibrary">
<doc>Verifies that element ``locator`` contains text ``expected``.</doc>
<arguments>
<arg>id:flash</arg>
<arg>Your username is invalid!</arg>
</arguments>
<msg timestamp="20211022 10:18:00.034" level="INFO">Element 'id:flash' contains text 'Your username is invalid!'.</msg>
<status status="PASS" starttime="20211022 10:17:59.987" endtime="20211022 10:18:00.035"></status>
</kw>
<kw name="Close Browser" library="SeleniumLibrary">
<doc>Closes the current browser.</doc>
<status status="PASS" starttime="20211022 10:18:00.035" endtime="20211022 10:18:02.527"></status>
</kw>
<status status="PASS" starttime="20211022 10:17:52.104" endtime="20211022 10:18:02.527" critical="yes"></status>
</test>
<kw name="Close All Browsers" library="SeleniumLibrary" type="teardown">
<doc>Closes all open browsers and resets the browser cache.</doc>
<status status="PASS" starttime="20211022 10:18:02.530" endtime="20211022 10:18:02.532"></status>
</kw>
<status status="PASS" starttime="20211022 10:17:40.140" endtime="20211022 10:18:02.532"></status>
</suite>
<status status="PASS" starttime="20211022 10:17:40.122" endtime="20211022 10:18:02.536"></status>
</suite>
<statistics>
<total>
<stat pass="2" fail="0">Critical Tests</stat>
<stat pass="2" fail="0">All Tests</stat>
</total>
<tag>
</tag>
<suite>
<stat pass="2" fail="0" id="s1" name="Full Regresssion in Parallel">Full Regresssion in Parallel</stat>
<stat pass="2" fail="0" id="s1-s1" name="FirstSample">Full Regresssion in Parallel.FirstSample</stat>
</suite>
</statistics>
<errors>
</errors>
</robot>
