<?xml version="1.0" encoding="UTF-8"?>
<robot generator="Robot 3.2.2 (Python 3.9.1 on win32)" generated="20211022 09:28:59.106" rpa="false">
<suite id="s1" name="HighLevelTS" source="F:\Anandhi\workspace\robotframework\RFWSamplesB1\tests\HighLevelTS.robot">
<test id="s1-t1" name="Valid LoginTest">
<kw name="Given Login page is launched">
<kw name="Open Browser" library="SeleniumLibrary">
<doc>Opens a new browser instance to the optional ``url``.</doc>
<arguments>
<arg>${URL}</arg>
<arg>${BROWSER}</arg>
</arguments>
<msg timestamp="20211022 09:28:59.333" level="INFO">Opening browser 'chrome' to base url 'https://the-internet.herokuapp.com/login'.</msg>
<status status="PASS" starttime="20211022 09:28:59.333" endtime="20211022 09:29:06.294"></status>
</kw>
<kw name="Maximize Browser Window" library="SeleniumLibrary">
<doc>Maximizes current browser window.</doc>
<status status="PASS" starttime="20211022 09:29:06.294" endtime="20211022 09:29:06.430"></status>
</kw>
<kw name="Set Selenium Implicit Wait" library="SeleniumLibrary">
<doc>Sets the implicit wait value used by Selenium.</doc>
<arguments>
<arg>${DELAY}</arg>
</arguments>
<status status="PASS" starttime="20211022 09:29:06.432" endtime="20211022 09:29:06.442"></status>
</kw>
<status status="PASS" starttime="20211022 09:28:59.331" endtime="20211022 09:29:06.443"></status>
</kw>
<kw name="When User tomsmith login with password SuperSecretPassword!">
<kw name="Input Text" library="SeleniumLibrary">
<doc>Types the given ``text`` into the text field identified by ``locator``.</doc>
<arguments>
<arg>id:username</arg>
<arg>${username}</arg>
</arguments>
<msg timestamp="20211022 09:29:06.448" level="INFO">Typing text 'tomsmith' into text field 'id:username'.</msg>
<status status="PASS" starttime="20211022 09:29:06.446" endtime="20211022 09:29:06.615"></status>
</kw>
<kw name="Input Text" library="SeleniumLibrary">
<doc>Types the given ``text`` into the text field identified by ``locator``.</doc>
<arguments>
<arg>id:password</arg>
<arg>${password}</arg>
</arguments>
<msg timestamp="20211022 09:29:06.616" level="INFO">Typing text 'SuperSecretPassword!' into text field 'id:password'.</msg>
<status status="PASS" starttime="20211022 09:29:06.615" endtime="20211022 09:29:06.719"></status>
</kw>
<kw name="Click Button" library="SeleniumLibrary">
<doc>Clicks the button identified by ``locator``.</doc>
<arguments>
<arg>css:button.radius</arg>
</arguments>
<msg timestamp="20211022 09:29:06.720" level="INFO">Clicking button 'css:button.radius'.</msg>
<status status="PASS" starttime="20211022 09:29:06.720" endtime="20211022 09:29:07.372"></status>
</kw>
<status status="PASS" starttime="20211022 09:29:06.445" endtime="20211022 09:29:07.372"></status>
</kw>
<kw name="Then Should display success message">
<kw name="Element Should Be Visible" library="SeleniumLibrary">
<doc>Verifies that the element identified by ``locator`` is visible.</doc>
<arguments>
<arg>xpath://div[@class='flash success']</arg>
</arguments>
<msg timestamp="20211022 09:29:07.427" level="INFO">Element 'xpath://div[@class='flash success']' is displayed.</msg>
<status status="PASS" starttime="20211022 09:29:07.374" endtime="20211022 09:29:07.428"></status>
</kw>
<status status="PASS" starttime="20211022 09:29:07.373" endtime="20211022 09:29:07.428"></status>
</kw>
<status status="PASS" starttime="20211022 09:28:59.331" endtime="20211022 09:29:07.430" critical="yes"></status>
</test>
<status status="PASS" starttime="20211022 09:28:59.107" endtime="20211022 09:29:07.436"></status>
</suite>
<statistics>
<total>
<stat pass="1" fail="0">Critical Tests</stat>
<stat pass="1" fail="0">All Tests</stat>
</total>
<tag>
</tag>
<suite>
<stat pass="1" fail="0" id="s1" name="HighLevelTS">HighLevelTS</stat>
</suite>
</statistics>
<errors>
</errors>
</robot>
