<?xml version="1.0" encoding="UTF-8"?>
<robot generator="Rebot 3.2.2 (Python 3.9.1 on win32)" generated="20211022 10:18:04.259" rpa="false">
<suite id="s1" name="Full Regresssion in Parallel" source="F:\Anandhi\workspace\robotframework\RFWSamplesB1\parallelTests">
<suite id="s1-s1" name="AlertTS" source="F:\Anandhi\workspace\robotframework\RFWSamplesB1\parallelTests\AlertTS.robot">
<kw name="Close Browser" library="SeleniumLibrary" type="teardown">
<doc>Closes the current browser.</doc>
<status status="PASS" starttime="20211022 10:17:50.248" endtime="20211022 10:17:52.629"></status>
</kw>
<test id="s1-s1-t1" name="Handle SimpleAlert">
<kw name="Open Browser" library="SeleniumLibrary">
<doc>Opens a new browser instance to the optional ``url``.</doc>
<arguments>
<arg>${URL}</arg>
<arg>${BROWSER}</arg>
</arguments>
<msg timestamp="20211022 10:17:40.361" level="INFO">Opening browser 'chrome' to base url 'https://demo.seleniumeasy.com/javascript-alert-box-demo.html'.</msg>
<status status="PASS" starttime="20211022 10:17:40.361" endtime="20211022 10:17:44.832"></status>
</kw>
<kw name="Click Button" library="SeleniumLibrary">
<doc>Clicks the button identified by ``locator``.</doc>
<arguments>
<arg>xpath:(//button[contains(text(), 'Click me!')])[1]</arg>
</arguments>
<msg timestamp="20211022 10:17:44.832" level="INFO">Clicking button 'xpath:(//button[contains(text(), 'Click me!')])[1]'.</msg>
<status status="PASS" starttime="20211022 10:17:44.832" endtime="20211022 10:17:44.915"></status>
</kw>
<kw name="Handle Alert" library="SeleniumLibrary">
<doc>Handles the current alert and returns its message.</doc>
<arguments>
<arg>ACCEPT</arg>
</arguments>
<msg timestamp="20211022 10:17:44.916" level="INFO">HANDLE::&lt;class 'NoneType'&gt;::None</msg>
<status status="PASS" starttime="20211022 10:17:44.915" endtime="20211022 10:17:44.930"></status>
</kw>
<kw name="Click Button" library="SeleniumLibrary">
<doc>Clicks the button identified by ``locator``.</doc>
<arguments>
<arg>xpath:(//button[contains(text(), 'Click me!')])[2]</arg>
</arguments>
<msg timestamp="20211022 10:17:44.931" level="INFO">Clicking button 'xpath:(//button[contains(text(), 'Click me!')])[2]'.</msg>
<status status="PASS" starttime="20211022 10:17:44.930" endtime="20211022 10:17:45.029"></status>
</kw>
<kw name="Sleep" library="BuiltIn">
<doc>Pauses the test executed for the given time.</doc>
<arguments>
<arg>3s</arg>
</arguments>
<msg timestamp="20211022 10:17:48.033" level="INFO">Slept 3 seconds</msg>
<status status="PASS" starttime="20211022 10:17:45.029" endtime="20211022 10:17:48.034"></status>
</kw>
<kw name="Handle Alert" library="SeleniumLibrary">
<doc>Handles the current alert and returns its message.</doc>
<assign>
<var>${alertText}</var>
</assign>
<msg timestamp="20211022 10:17:48.036" level="INFO">HANDLE::&lt;class 'NoneType'&gt;::None</msg>
<msg timestamp="20211022 10:17:48.047" level="INFO">${alertText} = Press a button!</msg>
<status status="PASS" starttime="20211022 10:17:48.034" endtime="20211022 10:17:48.048"></status>
</kw>
<kw name="Log To Console" library="BuiltIn">
<doc>Logs the given message to the console.</doc>
<arguments>
<arg>${alertText}</arg>
</arguments>
<status status="PASS" starttime="20211022 10:17:48.048" endtime="20211022 10:17:48.050"></status>
</kw>
<kw name="Click Button" library="SeleniumLibrary">
<doc>Clicks the button identified by ``locator``.</doc>
<arguments>
<arg>xpath://button[contains(text(), 'Prompt')]</arg>
</arguments>
<msg timestamp="20211022 10:17:48.052" level="INFO">Clicking button 'xpath://button[contains(text(), 'Prompt')]'.</msg>
<status status="PASS" starttime="20211022 10:17:48.050" endtime="20211022 10:17:48.212"></status>
</kw>
<kw name="Sleep" library="BuiltIn">
<doc>Pauses the test executed for the given time.</doc>
<arguments>
<arg>2s</arg>
</arguments>
<msg timestamp="20211022 10:17:50.222" level="INFO">Slept 2 seconds</msg>
<status status="PASS" starttime="20211022 10:17:48.213" endtime="20211022 10:17:50.223"></status>
</kw>
<kw name="Input Text Into Alert" library="SeleniumLibrary">
<doc>Types the given ``text`` into an input field in an alert.</doc>
<arguments>
<arg>Hello Welcome</arg>
</arguments>
<status status="PASS" starttime="20211022 10:17:50.224" endtime="20211022 10:17:50.245"></status>
</kw>
<status status="PASS" starttime="20211022 10:17:40.360" endtime="20211022 10:17:50.245" critical="yes"></status>
</test>
<status status="PASS" starttime="20211022 10:17:40.145" endtime="20211022 10:17:52.630"></status>
</suite>
<suite id="s1-s2" name="FirstSample" source="F:\Anandhi\workspace\robotframework\RFWSamplesB1\parallelTests\FirstSample.robot">
<kw name="Close All Browsers" library="SeleniumLibrary" type="teardown">
<doc>Closes all open browsers and resets the browser cache.</doc>
<status status="PASS" starttime="20211022 10:18:02.530" endtime="20211022 10:18:02.532"></status>
</kw>
<test id="s1-s2-t1" name="Valid LoginTest">
<kw name="Open Browser" library="SeleniumLibrary">
<doc>Opens a new browser instance to the optional ``url``.</doc>
<arguments>
<arg>${URL}</arg>
<arg>${BROWSER}</arg>
</arguments>
<msg timestamp="20211022 10:17:40.361" level="INFO">Opening browser 'chrome' to base url 'https://the-internet.herokuapp.com/login'.</msg>
<status status="PASS" starttime="20211022 10:17:40.360" endtime="20211022 10:17:48.314"></status>
</kw>
<kw name="Maximize Browser Window" library="SeleniumLibrary">
<doc>Maximizes current browser window.</doc>
<status status="PASS" starttime="20211022 10:17:48.314" endtime="20211022 10:17:48.538"></status>
</kw>
<kw name="Input Text" library="SeleniumLibrary">
<doc>Types the given ``text`` into the text field identified by ``locator``.</doc>
<arguments>
<arg>css:#username</arg>
<arg>tomsmith</arg>
</arguments>
<msg timestamp="20211022 10:17:48.545" level="INFO">Typing text 'tomsmith' into text field 'css:#username'.</msg>
<status status="PASS" starttime="20211022 10:17:48.540" endtime="20211022 10:17:48.790"></status>
</kw>
<kw name="Input Text" library="SeleniumLibrary">
<doc>Types the given ``text`` into the text field identified by ``locator``.</doc>
<arguments>
<arg>css:input[name=password]</arg>
<arg>SuperSecretPassword!</arg>
</arguments>
<msg timestamp="20211022 10:17:48.791" level="INFO">Typing text 'SuperSecretPassword!' into text field 'css:input[name=password]'.</msg>
<status status="PASS" starttime="20211022 10:17:48.790" endtime="20211022 10:17:48.904"></status>
</kw>
<kw name="Click Button" library="SeleniumLibrary">
<doc>Clicks the button identified by ``locator``.</doc>
<arguments>
<arg>class:radius</arg>
</arguments>
<msg timestamp="20211022 10:17:48.907" level="INFO">Clicking button 'class:radius'.</msg>
<status status="PASS" starttime="20211022 10:17:48.905" endtime="20211022 10:17:49.635"></status>
</kw>
<kw name="Element Should Be Visible" library="SeleniumLibrary">
<doc>Verifies that the element identified by ``locator`` is visible.</doc>
<arguments>
<arg>css:.flash.success</arg>
</arguments>
<msg timestamp="20211022 10:17:49.670" level="INFO">Element 'css:.flash.success' is displayed.</msg>
<status status="PASS" starttime="20211022 10:17:49.636" endtime="20211022 10:17:49.670"></status>
</kw>
<kw name="Get Text" library="SeleniumLibrary">
<doc>Returns the text value of the element identified by ``locator``.</doc>
<arguments>
<arg>css:.flash.success</arg>
</arguments>
<assign>
<var>${succesMsg}</var>
</assign>
<msg timestamp="20211022 10:17:49.700" level="INFO">${succesMsg} = You logged into a secure area!
×</msg>
<status status="PASS" starttime="20211022 10:17:49.672" endtime="20211022 10:17:49.700"></status>
</kw>
<kw name="Log To Console" library="BuiltIn">
<doc>Logs the given message to the console.</doc>
<arguments>
<arg>${succesMsg}</arg>
</arguments>
<status status="PASS" starttime="20211022 10:17:49.700" endtime="20211022 10:17:49.702"></status>
</kw>
<kw name="Close Browser" library="SeleniumLibrary">
<doc>Closes the current browser.</doc>
<status status="PASS" starttime="20211022 10:17:49.702" endtime="20211022 10:17:52.103"></status>
</kw>
<status status="PASS" starttime="20211022 10:17:40.359" endtime="20211022 10:17:52.104" critical="yes"></status>
</test>
<test id="s1-s2-t2" name="Invalid Username LoginTest">
<kw name="Open Browser" library="SeleniumLibrary">
<doc>Opens a new browser instance to the optional ``url``.</doc>
<arguments>
<arg>${URL}</arg>
<arg>${BROWSER}</arg>
</arguments>
<msg timestamp="20211022 10:17:52.106" level="INFO">Opening browser 'chrome' to base url 'https://the-internet.herokuapp.com/login'.</msg>
<status status="PASS" starttime="20211022 10:17:52.105" endtime="20211022 10:17:58.623"></status>
</kw>
<kw name="Maximize Browser Window" library="SeleniumLibrary">
<doc>Maximizes current browser window.</doc>
<status status="PASS" starttime="20211022 10:17:58.623" endtime="20211022 10:17:58.788"></status>
</kw>
<kw name="Input Text" library="SeleniumLibrary">
<doc>Types the given ``text`` into the text field identified by ``locator``.</doc>
<arguments>
<arg>css:#username</arg>
<arg>toms</arg>
</arguments>
<msg timestamp="20211022 10:17:58.800" level="INFO">Typing text 'toms' into text field 'css:#username'.</msg>
<status status="PASS" starttime="20211022 10:17:58.790" endtime="20211022 10:17:59.047"></status>
</kw>
<kw name="Input Text" library="SeleniumLibrary">
<doc>Types the given ``text`` into the text field identified by ``locator``.</doc>
<arguments>
<arg>css:input[name=password]</arg>
<arg>SuperSecretPassword!</arg>
</arguments>
<msg timestamp="20211022 10:17:59.049" level="INFO">Typing text 'SuperSecretPassword!' into text field 'css:input[name=password]'.</msg>
<status status="PASS" starttime="20211022 10:17:59.047" endtime="20211022 10:17:59.263"></status>
</kw>
<kw name="Click Button" library="SeleniumLibrary">
<doc>Clicks the button identified by ``locator``.</doc>
<arguments>
<arg>css:.radius</arg>
</arguments>
<msg timestamp="20211022 10:17:59.264" level="INFO">Clicking button 'css:.radius'.</msg>
<status status="PASS" starttime="20211022 10:17:59.264" endtime="20211022 10:17:59.986"></status>
</kw>
<kw name="Element Should Contain" library="SeleniumLibrary">
<doc>Verifies that element ``locator`` contains text ``expected``.</doc>
<arguments>
<arg>id:flash</arg>
<arg>Your username is invalid!</arg>
</arguments>
<msg timestamp="20211022 10:18:00.034" level="INFO">Element 'id:flash' contains text 'Your username is invalid!'.</msg>
<status status="PASS" starttime="20211022 10:17:59.987" endtime="20211022 10:18:00.035"></status>
</kw>
<kw name="Close Browser" library="SeleniumLibrary">
<doc>Closes the current browser.</doc>
<status status="PASS" starttime="20211022 10:18:00.035" endtime="20211022 10:18:02.527"></status>
</kw>
<status status="PASS" starttime="20211022 10:17:52.104" endtime="20211022 10:18:02.527" critical="yes"></status>
</test>
<status status="PASS" starttime="20211022 10:17:40.140" endtime="20211022 10:18:02.532"></status>
</suite>
<suite id="s1-s3" name="HighLevelTS" source="F:\Anandhi\workspace\robotframework\RFWSamplesB1\parallelTests\HighLevelTS.robot">
<kw name="Close Browser" library="SeleniumLibrary" type="teardown">
<doc>Closes the current browser.</doc>
<status status="PASS" starttime="20211022 10:18:01.461" endtime="20211022 10:18:03.888"></status>
</kw>
<test id="s1-s3-t1" name="Valid LoginTest">
<kw name="Given Login page is launched">
<kw name="Open Browser" library="SeleniumLibrary">
<doc>Opens a new browser instance to the optional ``url``.</doc>
<arguments>
<arg>${URL}</arg>
<arg>${BROWSER}</arg>
</arguments>
<msg timestamp="20211022 10:17:54.373" level="INFO">Opening browser 'chrome' to base url 'https://the-internet.herokuapp.com/login'.</msg>
<status status="PASS" starttime="20211022 10:17:54.370" endtime="20211022 10:18:00.045"></status>
</kw>
<kw name="Maximize Browser Window" library="SeleniumLibrary">
<doc>Maximizes current browser window.</doc>
<status status="PASS" starttime="20211022 10:18:00.045" endtime="20211022 10:18:00.334"></status>
</kw>
<kw name="Set Selenium Implicit Wait" library="SeleniumLibrary">
<doc>Sets the implicit wait value used by Selenium.</doc>
<arguments>
<arg>${DELAY}</arg>
</arguments>
<status status="PASS" starttime="20211022 10:18:00.336" endtime="20211022 10:18:00.347"></status>
</kw>
<status status="PASS" starttime="20211022 10:17:54.367" endtime="20211022 10:18:00.348"></status>
</kw>
<kw name="When User tomsmith login with password SuperSecretPassword!">
<kw name="Input Text" library="SeleniumLibrary">
<doc>Types the given ``text`` into the text field identified by ``locator``.</doc>
<arguments>
<arg>id:username</arg>
<arg>${username}</arg>
</arguments>
<msg timestamp="20211022 10:18:00.350" level="INFO">Typing text 'tomsmith' into text field 'id:username'.</msg>
<status status="PASS" starttime="20211022 10:18:00.349" endtime="20211022 10:18:00.498"></status>
</kw>
<kw name="Input Text" library="SeleniumLibrary">
<doc>Types the given ``text`` into the text field identified by ``locator``.</doc>
<arguments>
<arg>id:password</arg>
<arg>${password}</arg>
</arguments>
<msg timestamp="20211022 10:18:00.502" level="INFO">Typing text 'SuperSecretPassword!' into text field 'id:password'.</msg>
<status status="PASS" starttime="20211022 10:18:00.499" endtime="20211022 10:18:00.603"></status>
</kw>
<kw name="Click Button" library="SeleniumLibrary">
<doc>Clicks the button identified by ``locator``.</doc>
<arguments>
<arg>css:button.radius</arg>
</arguments>
<msg timestamp="20211022 10:18:00.604" level="INFO">Clicking button 'css:button.radius'.</msg>
<status status="PASS" starttime="20211022 10:18:00.604" endtime="20211022 10:18:01.400"></status>
</kw>
<status status="PASS" starttime="20211022 10:18:00.348" endtime="20211022 10:18:01.401"></status>
</kw>
<kw name="Then Should display success message">
<kw name="Element Should Be Visible" library="SeleniumLibrary">
<doc>Verifies that the element identified by ``locator`` is visible.</doc>
<arguments>
<arg>xpath://div[@class='flash success']</arg>
</arguments>
<msg timestamp="20211022 10:18:01.459" level="INFO">Element 'xpath://div[@class='flash success']' is displayed.</msg>
<status status="PASS" starttime="20211022 10:18:01.403" endtime="20211022 10:18:01.459"></status>
</kw>
<status status="PASS" starttime="20211022 10:18:01.401" endtime="20211022 10:18:01.459"></status>
</kw>
<status status="PASS" starttime="20211022 10:17:54.366" endtime="20211022 10:18:01.459" critical="yes"></status>
</test>
<status status="PASS" starttime="20211022 10:17:54.057" endtime="20211022 10:18:03.888"></status>
</suite>
<doc>[https://pabot.org/?ref=log|Pabot] result from 3 executions.</doc>
<status status="PASS" starttime="20211022 10:17:40.122" endtime="20211022 10:18:03.891"></status>
</suite>
<statistics>
<total>
<stat pass="4" fail="0">Critical Tests</stat>
<stat pass="4" fail="0">All Tests</stat>
</total>
<tag>
</tag>
<suite>
<stat pass="4" fail="0" id="s1" name="Full Regresssion in Parallel">Full Regresssion in Parallel</stat>
<stat pass="1" fail="0" id="s1-s1" name="AlertTS">Full Regresssion in Parallel.AlertTS</stat>
<stat pass="2" fail="0" id="s1-s2" name="FirstSample">Full Regresssion in Parallel.FirstSample</stat>
<stat pass="1" fail="0" id="s1-s3" name="HighLevelTS">Full Regresssion in Parallel.HighLevelTS</stat>
</suite>
</statistics>
<errors>
</errors>
</robot>
