<?xml version="1.0" encoding="UTF-8"?>
<robot generator="Robot 3.2.2 (Python 3.9.1 on win32)" generated="20211022 10:10:54.801" rpa="false">
<suite id="s1" name="parallelTests" source="F:\Anandhi\workspace\robotframework\RFWSamplesB1\parallelTests">
<suite id="s1-s1" name="FirstSample" source="F:\Anandhi\workspace\robotframework\RFWSamplesB1\parallelTests\FirstSample.robot">
<test id="s1-s1-t1" name="Invalid Username LoginTest">
<kw name="Open Browser" library="SeleniumLibrary">
<doc>Opens a new browser instance to the optional ``url``.</doc>
<arguments>
<arg>${URL}</arg>
<arg>${BROWSER}</arg>
</arguments>
<msg timestamp="20211022 10:10:55.275" level="INFO">Opening browser 'chrome' to base url 'https://the-internet.herokuapp.com/login'.</msg>
<status status="PASS" starttime="20211022 10:10:55.274" endtime="20211022 10:11:03.163"></status>
</kw>
<kw name="Maximize Browser Window" library="SeleniumLibrary">
<doc>Maximizes current browser window.</doc>
<status status="PASS" starttime="20211022 10:11:03.163" endtime="20211022 10:11:03.322"></status>
</kw>
<kw name="Input Text" library="SeleniumLibrary">
<doc>Types the given ``text`` into the text field identified by ``locator``.</doc>
<arguments>
<arg>css:#username</arg>
<arg>toms</arg>
</arguments>
<msg timestamp="20211022 10:11:03.325" level="INFO">Typing text 'toms' into text field 'css:#username'.</msg>
<status status="PASS" starttime="20211022 10:11:03.323" endtime="20211022 10:11:03.598"></status>
</kw>
<kw name="Input Text" library="SeleniumLibrary">
<doc>Types the given ``text`` into the text field identified by ``locator``.</doc>
<arguments>
<arg>css:input[name=password]</arg>
<arg>SuperSecretPassword!</arg>
</arguments>
<msg timestamp="20211022 10:11:03.599" level="INFO">Typing text 'SuperSecretPassword!' into text field 'css:input[name=password]'.</msg>
<status status="PASS" starttime="20211022 10:11:03.598" endtime="20211022 10:11:03.763"></status>
</kw>
<kw name="Click Button" library="SeleniumLibrary">
<doc>Clicks the button identified by ``locator``.</doc>
<arguments>
<arg>css:.radius</arg>
</arguments>
<msg timestamp="20211022 10:11:03.766" level="INFO">Clicking button 'css:.radius'.</msg>
<status status="PASS" starttime="20211022 10:11:03.764" endtime="20211022 10:11:04.567"></status>
</kw>
<kw name="Element Should Contain" library="SeleniumLibrary">
<doc>Verifies that element ``locator`` contains text ``expected``.</doc>
<arguments>
<arg>id:flash</arg>
<arg>Your username is invalid!</arg>
</arguments>
<msg timestamp="20211022 10:11:04.641" level="INFO">Element 'id:flash' contains text 'Your username is invalid!'.</msg>
<status status="PASS" starttime="20211022 10:11:04.568" endtime="20211022 10:11:04.641"></status>
</kw>
<kw name="Close Browser" library="SeleniumLibrary">
<doc>Closes the current browser.</doc>
<status status="PASS" starttime="20211022 10:11:04.641" endtime="20211022 10:11:07.070"></status>
</kw>
<status status="PASS" starttime="20211022 10:10:55.274" endtime="20211022 10:11:07.070" critical="yes"></status>
</test>
<kw name="Close All Browsers" library="SeleniumLibrary" type="teardown">
<doc>Closes all open browsers and resets the browser cache.</doc>
<status status="PASS" starttime="20211022 10:11:07.072" endtime="20211022 10:11:07.072"></status>
</kw>
<status status="PASS" starttime="20211022 10:10:55.037" endtime="20211022 10:11:07.072"></status>
</suite>
<status status="PASS" starttime="20211022 10:10:54.909" endtime="20211022 10:11:07.075"></status>
</suite>
<statistics>
<total>
<stat pass="1" fail="0">Critical Tests</stat>
<stat pass="1" fail="0">All Tests</stat>
</total>
<tag>
</tag>
<suite>
<stat pass="1" fail="0" id="s1" name="parallelTests">parallelTests</stat>
<stat pass="1" fail="0" id="s1-s1" name="FirstSample">parallelTests.FirstSample</stat>
</suite>
</statistics>
<errors>
</errors>
</robot>
