<?xml version="1.0" encoding="UTF-8"?>
<robot generator="Robot 3.2.2 (Python 3.9.1 on win32)" generated="20211022 10:10:43.021" rpa="false">
<suite id="s1" name="parallelTests" source="F:\Anandhi\workspace\robotframework\RFWSamplesB1\parallelTests">
<suite id="s1-s1" name="AlertTS" source="F:\Anandhi\workspace\robotframework\RFWSamplesB1\parallelTests\AlertTS.robot">
<test id="s1-s1-t1" name="Handle SimpleAlert">
<kw name="Open Browser" library="SeleniumLibrary">
<doc>Opens a new browser instance to the optional ``url``.</doc>
<arguments>
<arg>${URL}</arg>
<arg>${BROWSER}</arg>
</arguments>
<msg timestamp="20211022 10:10:43.225" level="INFO">Opening browser 'chrome' to base url 'https://demo.seleniumeasy.com/javascript-alert-box-demo.html'.</msg>
<status status="PASS" starttime="20211022 10:10:43.224" endtime="20211022 10:10:49.337"></status>
</kw>
<kw name="Click Button" library="SeleniumLibrary">
<doc>Clicks the button identified by ``locator``.</doc>
<arguments>
<arg>xpath:(//button[contains(text(), 'Click me!')])[1]</arg>
</arguments>
<msg timestamp="20211022 10:10:49.339" level="INFO">Clicking button 'xpath:(//button[contains(text(), 'Click me!')])[1]'.</msg>
<status status="PASS" starttime="20211022 10:10:49.338" endtime="20211022 10:10:49.431"></status>
</kw>
<kw name="Handle Alert" library="SeleniumLibrary">
<doc>Handles the current alert and returns its message.</doc>
<arguments>
<arg>ACCEPT</arg>
</arguments>
<msg timestamp="20211022 10:10:49.433" level="INFO">HANDLE::&lt;class 'NoneType'&gt;::None</msg>
<status status="PASS" starttime="20211022 10:10:49.431" endtime="20211022 10:10:49.443"></status>
</kw>
<kw name="Click Button" library="SeleniumLibrary">
<doc>Clicks the button identified by ``locator``.</doc>
<arguments>
<arg>xpath:(//button[contains(text(), 'Click me!')])[2]</arg>
</arguments>
<msg timestamp="20211022 10:10:49.445" level="INFO">Clicking button 'xpath:(//button[contains(text(), 'Click me!')])[2]'.</msg>
<status status="PASS" starttime="20211022 10:10:49.444" endtime="20211022 10:10:49.592"></status>
</kw>
<kw name="Sleep" library="BuiltIn">
<doc>Pauses the test executed for the given time.</doc>
<arguments>
<arg>3s</arg>
</arguments>
<msg timestamp="20211022 10:10:52.604" level="INFO">Slept 3 seconds</msg>
<status status="PASS" starttime="20211022 10:10:49.592" endtime="20211022 10:10:52.604"></status>
</kw>
<kw name="Handle Alert" library="SeleniumLibrary">
<doc>Handles the current alert and returns its message.</doc>
<assign>
<var>${alertText}</var>
</assign>
<msg timestamp="20211022 10:10:52.605" level="INFO">HANDLE::&lt;class 'NoneType'&gt;::None</msg>
<msg timestamp="20211022 10:10:52.610" level="INFO">${alertText} = Press a button!</msg>
<status status="PASS" starttime="20211022 10:10:52.604" endtime="20211022 10:10:52.610"></status>
</kw>
<kw name="Log To Console" library="BuiltIn">
<doc>Logs the given message to the console.</doc>
<arguments>
<arg>${alertText}</arg>
</arguments>
<status status="PASS" starttime="20211022 10:10:52.610" endtime="20211022 10:10:52.611"></status>
</kw>
<kw name="Click Button" library="SeleniumLibrary">
<doc>Clicks the button identified by ``locator``.</doc>
<arguments>
<arg>xpath://button[contains(text(), 'Prompt')]</arg>
</arguments>
<msg timestamp="20211022 10:10:52.612" level="INFO">Clicking button 'xpath://button[contains(text(), 'Prompt')]'.</msg>
<status status="PASS" starttime="20211022 10:10:52.611" endtime="20211022 10:10:52.730"></status>
</kw>
<kw name="Sleep" library="BuiltIn">
<doc>Pauses the test executed for the given time.</doc>
<arguments>
<arg>2s</arg>
</arguments>
<msg timestamp="20211022 10:10:54.735" level="INFO">Slept 2 seconds</msg>
<status status="PASS" starttime="20211022 10:10:52.731" endtime="20211022 10:10:54.735"></status>
</kw>
<kw name="Input Text Into Alert" library="SeleniumLibrary">
<doc>Types the given ``text`` into an input field in an alert.</doc>
<arguments>
<arg>Hello Welcome</arg>
</arguments>
<status status="PASS" starttime="20211022 10:10:54.736" endtime="20211022 10:10:54.743"></status>
</kw>
<status status="PASS" starttime="20211022 10:10:43.224" endtime="20211022 10:10:54.743" critical="yes"></status>
</test>
<kw name="Close Browser" library="SeleniumLibrary" type="teardown">
<doc>Closes the current browser.</doc>
<status status="PASS" starttime="20211022 10:10:54.745" endtime="20211022 10:10:57.146"></status>
</kw>
<status status="PASS" starttime="20211022 10:10:43.045" endtime="20211022 10:10:57.146"></status>
</suite>
<status status="PASS" starttime="20211022 10:10:43.028" endtime="20211022 10:10:57.156"></status>
</suite>
<statistics>
<total>
<stat pass="1" fail="0">Critical Tests</stat>
<stat pass="1" fail="0">All Tests</stat>
</total>
<tag>
</tag>
<suite>
<stat pass="1" fail="0" id="s1" name="parallelTests">parallelTests</stat>
<stat pass="1" fail="0" id="s1-s1" name="AlertTS">parallelTests.AlertTS</stat>
</suite>
</statistics>
<errors>
</errors>
</robot>
