<?xml version="1.0" encoding="UTF-8"?>
<robot generator="Robot 3.2.2 (Python 3.9.1 on win32)" generated="20211022 10:17:40.117" rpa="false">
<suite id="s1" name="Full Regresssion in Parallel" source="F:\Anandhi\workspace\robotframework\RFWSamplesB1\parallelTests">
<suite id="s1-s1" name="AlertTS" source="F:\Anandhi\workspace\robotframework\RFWSamplesB1\parallelTests\AlertTS.robot">
<test id="s1-s1-t1" name="Handle SimpleAlert">
<kw name="Open Browser" library="SeleniumLibrary">
<doc>Opens a new browser instance to the optional ``url``.</doc>
<arguments>
<arg>${URL}</arg>
<arg>${BROWSER}</arg>
</arguments>
<msg timestamp="20211022 10:17:40.361" level="INFO">Opening browser 'chrome' to base url 'https://demo.seleniumeasy.com/javascript-alert-box-demo.html'.</msg>
<status status="PASS" starttime="20211022 10:17:40.361" endtime="20211022 10:17:44.832"></status>
</kw>
<kw name="Click Button" library="SeleniumLibrary">
<doc>Clicks the button identified by ``locator``.</doc>
<arguments>
<arg>xpath:(//button[contains(text(), 'Click me!')])[1]</arg>
</arguments>
<msg timestamp="20211022 10:17:44.832" level="INFO">Clicking button 'xpath:(//button[contains(text(), 'Click me!')])[1]'.</msg>
<status status="PASS" starttime="20211022 10:17:44.832" endtime="20211022 10:17:44.915"></status>
</kw>
<kw name="Handle Alert" library="SeleniumLibrary">
<doc>Handles the current alert and returns its message.</doc>
<arguments>
<arg>ACCEPT</arg>
</arguments>
<msg timestamp="20211022 10:17:44.916" level="INFO">HANDLE::&lt;class 'NoneType'&gt;::None</msg>
<status status="PASS" starttime="20211022 10:17:44.915" endtime="20211022 10:17:44.930"></status>
</kw>
<kw name="Click Button" library="SeleniumLibrary">
<doc>Clicks the button identified by ``locator``.</doc>
<arguments>
<arg>xpath:(//button[contains(text(), 'Click me!')])[2]</arg>
</arguments>
<msg timestamp="20211022 10:17:44.931" level="INFO">Clicking button 'xpath:(//button[contains(text(), 'Click me!')])[2]'.</msg>
<status status="PASS" starttime="20211022 10:17:44.930" endtime="20211022 10:17:45.029"></status>
</kw>
<kw name="Sleep" library="BuiltIn">
<doc>Pauses the test executed for the given time.</doc>
<arguments>
<arg>3s</arg>
</arguments>
<msg timestamp="20211022 10:17:48.033" level="INFO">Slept 3 seconds</msg>
<status status="PASS" starttime="20211022 10:17:45.029" endtime="20211022 10:17:48.034"></status>
</kw>
<kw name="Handle Alert" library="SeleniumLibrary">
<doc>Handles the current alert and returns its message.</doc>
<assign>
<var>${alertText}</var>
</assign>
<msg timestamp="20211022 10:17:48.036" level="INFO">HANDLE::&lt;class 'NoneType'&gt;::None</msg>
<msg timestamp="20211022 10:17:48.047" level="INFO">${alertText} = Press a button!</msg>
<status status="PASS" starttime="20211022 10:17:48.034" endtime="20211022 10:17:48.048"></status>
</kw>
<kw name="Log To Console" library="BuiltIn">
<doc>Logs the given message to the console.</doc>
<arguments>
<arg>${alertText}</arg>
</arguments>
<status status="PASS" starttime="20211022 10:17:48.048" endtime="20211022 10:17:48.050"></status>
</kw>
<kw name="Click Button" library="SeleniumLibrary">
<doc>Clicks the button identified by ``locator``.</doc>
<arguments>
<arg>xpath://button[contains(text(), 'Prompt')]</arg>
</arguments>
<msg timestamp="20211022 10:17:48.052" level="INFO">Clicking button 'xpath://button[contains(text(), 'Prompt')]'.</msg>
<status status="PASS" starttime="20211022 10:17:48.050" endtime="20211022 10:17:48.212"></status>
</kw>
<kw name="Sleep" library="BuiltIn">
<doc>Pauses the test executed for the given time.</doc>
<arguments>
<arg>2s</arg>
</arguments>
<msg timestamp="20211022 10:17:50.222" level="INFO">Slept 2 seconds</msg>
<status status="PASS" starttime="20211022 10:17:48.213" endtime="20211022 10:17:50.223"></status>
</kw>
<kw name="Input Text Into Alert" library="SeleniumLibrary">
<doc>Types the given ``text`` into an input field in an alert.</doc>
<arguments>
<arg>Hello Welcome</arg>
</arguments>
<status status="PASS" starttime="20211022 10:17:50.224" endtime="20211022 10:17:50.245"></status>
</kw>
<status status="PASS" starttime="20211022 10:17:40.360" endtime="20211022 10:17:50.245" critical="yes"></status>
</test>
<kw name="Close Browser" library="SeleniumLibrary" type="teardown">
<doc>Closes the current browser.</doc>
<status status="PASS" starttime="20211022 10:17:50.248" endtime="20211022 10:17:52.629"></status>
</kw>
<status status="PASS" starttime="20211022 10:17:40.145" endtime="20211022 10:17:52.630"></status>
</suite>
<status status="PASS" starttime="20211022 10:17:40.124" endtime="20211022 10:17:52.633"></status>
</suite>
<statistics>
<total>
<stat pass="1" fail="0">Critical Tests</stat>
<stat pass="1" fail="0">All Tests</stat>
</total>
<tag>
</tag>
<suite>
<stat pass="1" fail="0" id="s1" name="Full Regresssion in Parallel">Full Regresssion in Parallel</stat>
<stat pass="1" fail="0" id="s1-s1" name="AlertTS">Full Regresssion in Parallel.AlertTS</stat>
</suite>
</statistics>
<errors>
</errors>
</robot>
