<?xml version="1.0" encoding="UTF-8"?>
<robot generator="Robot 3.2.2 (Python 3.9.1 on win32)" generated="20211022 10:10:57.897" rpa="false">
<suite id="s1" name="parallelTests" source="F:\Anandhi\workspace\robotframework\RFWSamplesB1\parallelTests">
<suite id="s1-s1" name="HighLevelTS" source="F:\Anandhi\workspace\robotframework\RFWSamplesB1\parallelTests\HighLevelTS.robot">
<test id="s1-s1-t1" name="Valid LoginTest">
<kw name="Given Login page is launched">
<kw name="Open Browser" library="SeleniumLibrary">
<doc>Opens a new browser instance to the optional ``url``.</doc>
<arguments>
<arg>${URL}</arg>
<arg>${BROWSER}</arg>
</arguments>
<msg timestamp="20211022 10:10:58.214" level="INFO">Opening browser 'chrome' to base url 'https://the-internet.herokuapp.com/login'.</msg>
<status status="PASS" starttime="20211022 10:10:58.213" endtime="20211022 10:11:06.775"></status>
</kw>
<kw name="Maximize Browser Window" library="SeleniumLibrary">
<doc>Maximizes current browser window.</doc>
<status status="PASS" starttime="20211022 10:11:06.775" endtime="20211022 10:11:06.909"></status>
</kw>
<kw name="Set Selenium Implicit Wait" library="SeleniumLibrary">
<doc>Sets the implicit wait value used by Selenium.</doc>
<arguments>
<arg>${DELAY}</arg>
</arguments>
<status status="PASS" starttime="20211022 10:11:06.912" endtime="20211022 10:11:06.925"></status>
</kw>
<status status="PASS" starttime="20211022 10:10:58.213" endtime="20211022 10:11:06.927"></status>
</kw>
<kw name="When User tomsmith login with password SuperSecretPassword!">
<kw name="Input Text" library="SeleniumLibrary">
<doc>Types the given ``text`` into the text field identified by ``locator``.</doc>
<arguments>
<arg>id:username</arg>
<arg>${username}</arg>
</arguments>
<msg timestamp="20211022 10:11:06.940" level="INFO">Typing text 'tomsmith' into text field 'id:username'.</msg>
<status status="PASS" starttime="20211022 10:11:06.936" endtime="20211022 10:11:07.127"></status>
</kw>
<kw name="Input Text" library="SeleniumLibrary">
<doc>Types the given ``text`` into the text field identified by ``locator``.</doc>
<arguments>
<arg>id:password</arg>
<arg>${password}</arg>
</arguments>
<msg timestamp="20211022 10:11:07.129" level="INFO">Typing text 'SuperSecretPassword!' into text field 'id:password'.</msg>
<status status="PASS" starttime="20211022 10:11:07.128" endtime="20211022 10:11:07.234"></status>
</kw>
<kw name="Click Button" library="SeleniumLibrary">
<doc>Clicks the button identified by ``locator``.</doc>
<arguments>
<arg>css:button.radius</arg>
</arguments>
<msg timestamp="20211022 10:11:07.236" level="INFO">Clicking button 'css:button.radius'.</msg>
<status status="PASS" starttime="20211022 10:11:07.234" endtime="20211022 10:11:07.910"></status>
</kw>
<status status="PASS" starttime="20211022 10:11:06.931" endtime="20211022 10:11:07.910"></status>
</kw>
<kw name="Then Should display success message">
<kw name="Element Should Be Visible" library="SeleniumLibrary">
<doc>Verifies that the element identified by ``locator`` is visible.</doc>
<arguments>
<arg>xpath://div[@class='flash success']</arg>
</arguments>
<msg timestamp="20211022 10:11:07.953" level="INFO">Element 'xpath://div[@class='flash success']' is displayed.</msg>
<status status="PASS" starttime="20211022 10:11:07.912" endtime="20211022 10:11:07.954"></status>
</kw>
<status status="PASS" starttime="20211022 10:11:07.911" endtime="20211022 10:11:07.954"></status>
</kw>
<status status="PASS" starttime="20211022 10:10:58.212" endtime="20211022 10:11:07.955" critical="yes"></status>
</test>
<kw name="Close Browser" library="SeleniumLibrary" type="teardown">
<doc>Closes the current browser.</doc>
<status status="PASS" starttime="20211022 10:11:07.959" endtime="20211022 10:11:10.396"></status>
</kw>
<status status="PASS" starttime="20211022 10:10:57.933" endtime="20211022 10:11:10.396"></status>
</suite>
<status status="PASS" starttime="20211022 10:10:57.909" endtime="20211022 10:11:10.398"></status>
</suite>
<statistics>
<total>
<stat pass="1" fail="0">Critical Tests</stat>
<stat pass="1" fail="0">All Tests</stat>
</total>
<tag>
</tag>
<suite>
<stat pass="1" fail="0" id="s1" name="parallelTests">parallelTests</stat>
<stat pass="1" fail="0" id="s1-s1" name="HighLevelTS">parallelTests.HighLevelTS</stat>
</suite>
</statistics>
<errors>
</errors>
</robot>
