<?xml version="1.0" encoding="UTF-8"?>
<robot generator="Robot 3.2.2 (Python 3.9.1 on win32)" generated="20211022 10:10:43.020" rpa="false">
<suite id="s1" name="parallelTests" source="F:\Anandhi\workspace\robotframework\RFWSamplesB1\parallelTests">
<suite id="s1-s1" name="FirstSample" source="F:\Anandhi\workspace\robotframework\RFWSamplesB1\parallelTests\FirstSample.robot">
<test id="s1-s1-t1" name="Valid LoginTest">
<kw name="Open Browser" library="SeleniumLibrary">
<doc>Opens a new browser instance to the optional ``url``.</doc>
<arguments>
<arg>${URL}</arg>
<arg>${BROWSER}</arg>
</arguments>
<msg timestamp="20211022 10:10:43.229" level="INFO">Opening browser 'chrome' to base url 'https://the-internet.herokuapp.com/login'.</msg>
<status status="PASS" starttime="20211022 10:10:43.228" endtime="20211022 10:10:50.705"></status>
</kw>
<kw name="Maximize Browser Window" library="SeleniumLibrary">
<doc>Maximizes current browser window.</doc>
<status status="PASS" starttime="20211022 10:10:50.707" endtime="20211022 10:10:50.877"></status>
</kw>
<kw name="Input Text" library="SeleniumLibrary">
<doc>Types the given ``text`` into the text field identified by ``locator``.</doc>
<arguments>
<arg>css:#username</arg>
<arg>tomsmith</arg>
</arguments>
<msg timestamp="20211022 10:10:50.879" level="INFO">Typing text 'tomsmith' into text field 'css:#username'.</msg>
<status status="PASS" starttime="20211022 10:10:50.878" endtime="20211022 10:10:51.079"></status>
</kw>
<kw name="Input Text" library="SeleniumLibrary">
<doc>Types the given ``text`` into the text field identified by ``locator``.</doc>
<arguments>
<arg>css:input[name=password]</arg>
<arg>SuperSecretPassword!</arg>
</arguments>
<msg timestamp="20211022 10:10:51.079" level="INFO">Typing text 'SuperSecretPassword!' into text field 'css:input[name=password]'.</msg>
<status status="PASS" starttime="20211022 10:10:51.079" endtime="20211022 10:10:51.159"></status>
</kw>
<kw name="Click Button" library="SeleniumLibrary">
<doc>Clicks the button identified by ``locator``.</doc>
<arguments>
<arg>class:radius</arg>
</arguments>
<msg timestamp="20211022 10:10:51.159" level="INFO">Clicking button 'class:radius'.</msg>
<status status="PASS" starttime="20211022 10:10:51.159" endtime="20211022 10:10:51.765"></status>
</kw>
<kw name="Element Should Be Visible" library="SeleniumLibrary">
<doc>Verifies that the element identified by ``locator`` is visible.</doc>
<arguments>
<arg>css:.flash.success</arg>
</arguments>
<msg timestamp="20211022 10:10:51.818" level="INFO">Element 'css:.flash.success' is displayed.</msg>
<status status="PASS" starttime="20211022 10:10:51.766" endtime="20211022 10:10:51.818"></status>
</kw>
<kw name="Get Text" library="SeleniumLibrary">
<doc>Returns the text value of the element identified by ``locator``.</doc>
<arguments>
<arg>css:.flash.success</arg>
</arguments>
<assign>
<var>${succesMsg}</var>
</assign>
<msg timestamp="20211022 10:10:51.844" level="INFO">${succesMsg} = You logged into a secure area!
×</msg>
<status status="PASS" starttime="20211022 10:10:51.818" endtime="20211022 10:10:51.844"></status>
</kw>
<kw name="Log To Console" library="BuiltIn">
<doc>Logs the given message to the console.</doc>
<arguments>
<arg>${succesMsg}</arg>
</arguments>
<status status="PASS" starttime="20211022 10:10:51.844" endtime="20211022 10:10:51.846"></status>
</kw>
<kw name="Close Browser" library="SeleniumLibrary">
<doc>Closes the current browser.</doc>
<status status="PASS" starttime="20211022 10:10:51.846" endtime="20211022 10:10:54.150"></status>
</kw>
<status status="PASS" starttime="20211022 10:10:43.228" endtime="20211022 10:10:54.151" critical="yes"></status>
</test>
<kw name="Close All Browsers" library="SeleniumLibrary" type="teardown">
<doc>Closes all open browsers and resets the browser cache.</doc>
<status status="PASS" starttime="20211022 10:10:54.152" endtime="20211022 10:10:54.152"></status>
</kw>
<status status="PASS" starttime="20211022 10:10:43.044" endtime="20211022 10:10:54.152"></status>
</suite>
<status status="PASS" starttime="20211022 10:10:43.027" endtime="20211022 10:10:54.154"></status>
</suite>
<statistics>
<total>
<stat pass="1" fail="0">Critical Tests</stat>
<stat pass="1" fail="0">All Tests</stat>
</total>
<tag>
</tag>
<suite>
<stat pass="1" fail="0" id="s1" name="parallelTests">parallelTests</stat>
<stat pass="1" fail="0" id="s1-s1" name="FirstSample">parallelTests.FirstSample</stat>
</suite>
</statistics>
<errors>
</errors>
</robot>
