<?xml version="1.0" encoding="UTF-8"?>
<robot generator="Robot 3.2.2 (Python 3.9.1 on win32)" generated="20211022 10:17:54.009" rpa="false">
<suite id="s1" name="Full Regresssion in Parallel" source="F:\Anandhi\workspace\robotframework\RFWSamplesB1\parallelTests">
<suite id="s1-s1" name="HighLevelTS" source="F:\Anandhi\workspace\robotframework\RFWSamplesB1\parallelTests\HighLevelTS.robot">
<test id="s1-s1-t1" name="Valid LoginTest">
<kw name="Given Login page is launched">
<kw name="Open Browser" library="SeleniumLibrary">
<doc>Opens a new browser instance to the optional ``url``.</doc>
<arguments>
<arg>${URL}</arg>
<arg>${BROWSER}</arg>
</arguments>
<msg timestamp="20211022 10:17:54.373" level="INFO">Opening browser 'chrome' to base url 'https://the-internet.herokuapp.com/login'.</msg>
<status status="PASS" starttime="20211022 10:17:54.370" endtime="20211022 10:18:00.045"></status>
</kw>
<kw name="Maximize Browser Window" library="SeleniumLibrary">
<doc>Maximizes current browser window.</doc>
<status status="PASS" starttime="20211022 10:18:00.045" endtime="20211022 10:18:00.334"></status>
</kw>
<kw name="Set Selenium Implicit Wait" library="SeleniumLibrary">
<doc>Sets the implicit wait value used by Selenium.</doc>
<arguments>
<arg>${DELAY}</arg>
</arguments>
<status status="PASS" starttime="20211022 10:18:00.336" endtime="20211022 10:18:00.347"></status>
</kw>
<status status="PASS" starttime="20211022 10:17:54.367" endtime="20211022 10:18:00.348"></status>
</kw>
<kw name="When User tomsmith login with password SuperSecretPassword!">
<kw name="Input Text" library="SeleniumLibrary">
<doc>Types the given ``text`` into the text field identified by ``locator``.</doc>
<arguments>
<arg>id:username</arg>
<arg>${username}</arg>
</arguments>
<msg timestamp="20211022 10:18:00.350" level="INFO">Typing text 'tomsmith' into text field 'id:username'.</msg>
<status status="PASS" starttime="20211022 10:18:00.349" endtime="20211022 10:18:00.498"></status>
</kw>
<kw name="Input Text" library="SeleniumLibrary">
<doc>Types the given ``text`` into the text field identified by ``locator``.</doc>
<arguments>
<arg>id:password</arg>
<arg>${password}</arg>
</arguments>
<msg timestamp="20211022 10:18:00.502" level="INFO">Typing text 'SuperSecretPassword!' into text field 'id:password'.</msg>
<status status="PASS" starttime="20211022 10:18:00.499" endtime="20211022 10:18:00.603"></status>
</kw>
<kw name="Click Button" library="SeleniumLibrary">
<doc>Clicks the button identified by ``locator``.</doc>
<arguments>
<arg>css:button.radius</arg>
</arguments>
<msg timestamp="20211022 10:18:00.604" level="INFO">Clicking button 'css:button.radius'.</msg>
<status status="PASS" starttime="20211022 10:18:00.604" endtime="20211022 10:18:01.400"></status>
</kw>
<status status="PASS" starttime="20211022 10:18:00.348" endtime="20211022 10:18:01.401"></status>
</kw>
<kw name="Then Should display success message">
<kw name="Element Should Be Visible" library="SeleniumLibrary">
<doc>Verifies that the element identified by ``locator`` is visible.</doc>
<arguments>
<arg>xpath://div[@class='flash success']</arg>
</arguments>
<msg timestamp="20211022 10:18:01.459" level="INFO">Element 'xpath://div[@class='flash success']' is displayed.</msg>
<status status="PASS" starttime="20211022 10:18:01.403" endtime="20211022 10:18:01.459"></status>
</kw>
<status status="PASS" starttime="20211022 10:18:01.401" endtime="20211022 10:18:01.459"></status>
</kw>
<status status="PASS" starttime="20211022 10:17:54.366" endtime="20211022 10:18:01.459" critical="yes"></status>
</test>
<kw name="Close Browser" library="SeleniumLibrary" type="teardown">
<doc>Closes the current browser.</doc>
<status status="PASS" starttime="20211022 10:18:01.461" endtime="20211022 10:18:03.888"></status>
</kw>
<status status="PASS" starttime="20211022 10:17:54.057" endtime="20211022 10:18:03.888"></status>
</suite>
<status status="PASS" starttime="20211022 10:17:54.027" endtime="20211022 10:18:03.891"></status>
</suite>
<statistics>
<total>
<stat pass="1" fail="0">Critical Tests</stat>
<stat pass="1" fail="0">All Tests</stat>
</total>
<tag>
</tag>
<suite>
<stat pass="1" fail="0" id="s1" name="Full Regresssion in Parallel">Full Regresssion in Parallel</stat>
<stat pass="1" fail="0" id="s1-s1" name="HighLevelTS">Full Regresssion in Parallel.HighLevelTS</stat>
</suite>
</statistics>
<errors>
</errors>
</robot>
